<?xml version="1.0" encoding="UTF-8"?>
<!-- Generated by org.testng.reporters.JUnitReportReporter -->
<testsuite hostname="Admin-PC" failures="0" tests="1" name="practice.Iframe2" time="12.229" errors="0" timestamp="2022-06-27T15:38:22 IST" skipped="0">
  <testcase classname="practice.Iframe2" name="f" time="12.229"/>
  <system-out/>
</testsuite> <!-- practice.Iframe2 -->
