<?xml version="1.0" encoding="UTF-8"?>
<!-- Generated by org.testng.reporters.JUnitReportReporter -->
<testsuite hostname="Admin-PC" failures="0" tests="1" name="practice.Iframe" time="62.288" errors="0" timestamp="2022-06-27T14:50:41 IST" skipped="0">
  <testcase classname="practice.Iframe" name="handleiframe" time="62.288"/>
  <system-out/>
</testsuite> <!-- practice.Iframe -->
