<?xml version="1.0" encoding="UTF-8"?>
<!-- Generated by org.testng.reporters.JUnitReportReporter -->
<testsuite hostname="Admin-PC" failures="0" tests="1" name="practice.Iframe3" time="90.685" errors="0" timestamp="2022-06-27T15:54:11 IST" skipped="0">
  <testcase classname="practice.Iframe3" name="f" time="90.685"/>
  <system-out/>
</testsuite> <!-- practice.Iframe3 -->
