<?xml version="1.0" encoding="UTF-8"?>
<!-- Generated by org.testng.reporters.JUnitReportReporter -->
<testsuite hostname="Admin-PC" failures="0" tests="1" name="testClasses.TestClass" time="7.662" errors="0" timestamp="2022-06-27T10:52:08 IST" skipped="0">
  <testcase classname="testClasses.TestClass" name="validateselectStock" time="7.662"/>
  <system-out/>
</testsuite> <!-- testClasses.TestClass -->
