<?xml version="1.0" encoding="UTF-8"?>
<!-- Generated by org.testng.reporters.JUnitReportReporter -->
<testsuite hostname="Admin-PC" failures="0" tests="1" name="practice.GoogleSearch" time="33.916" errors="0" timestamp="2022-06-27T20:01:21 IST" skipped="0">
  <testcase classname="practice.GoogleSearch" name="googleSearch" time="33.916"/>
  <system-out/>
</testsuite> <!-- practice.GoogleSearch -->
